<?xml version="1.0" encoding="UTF-8"?>
<!-- Generated by org.testng.reporters.JUnitXMLReporter -->
<testsuite ignored="0" hostname="Navin" failures="0" tests="6" name="Surefire test" time="0.124" errors="0" timestamp="2025-07-24T22:29:21 IST">
  <testcase classname="TestNGDemo.TestNGDemo" name="TC1" time="0.023"/>
  <testcase classname="TestNGDemo.TestNGDemo" name="TC2" time="0.001"/>
  <testcase classname="TestNGDemo.TestNGDemo" name="TC3" time="0.001"/>
  <testcase classname="TestNGDemo.TestNGHierarchyDemo" name="TC1" time="0.0"/>
  <testcase classname="TestNGDemo.TestNGHierarchyDemo" name="TC2" time="0.001"/>
  <testcase classname="TestNGDemo.TestNGHierarchyDemo" name="TC3" time="0.001"/>
</testsuite> <!-- Surefire test -->
