<?xml version="1.0" encoding="UTF-8"?>
<testng-results ignored="0" total="6" passed="6" failed="0" skipped="0">
  <reporter-output>
  </reporter-output>
  <suite started-at="2025-07-24T22:29:21 IST" name="Surefire suite" finished-at="2025-07-24T22:29:21 IST" duration-ms="124">
    <groups>
    </groups>
    <test started-at="2025-07-24T22:29:21 IST" name="Surefire test" finished-at="2025-07-24T22:29:21 IST" duration-ms="124">
      <class name="TestNGDemo.TestNGHierarchyDemo">
        <test-method is-config="true" signature="Test1()[pri:0, instance:TestNGDemo.TestNGHierarchyDemo@5b1669c0]" started-at="2025-07-24T22:29:21 IST" name="Test1" finished-at="2025-07-24T22:29:21 IST" duration-ms="0" status="PASS">
          <reporter-output>
          </reporter-output>
        </test-method> <!-- Test1 -->
        <test-method is-config="true" signature="Test11()[pri:0, instance:TestNGDemo.TestNGHierarchyDemo@5b1669c0]" started-at="2025-07-24T22:29:21 IST" name="Test11" finished-at="2025-07-24T22:29:21 IST" duration-ms="1" status="PASS">
          <reporter-output>
          </reporter-output>
        </test-method> <!-- Test11 -->
        <test-method is-config="true" signature="Test3()[pri:0, instance:TestNGDemo.TestNGHierarchyDemo@5b1669c0]" started-at="2025-07-24T22:29:21 IST" name="Test3" finished-at="2025-07-24T22:29:21 IST" duration-ms="0" status="PASS">
          <reporter-output>
          </reporter-output>
        </test-method> <!-- Test3 -->
        <test-method is-config="true" signature="Test13()[pri:0, instance:TestNGDemo.TestNGHierarchyDemo@5b1669c0]" started-at="2025-07-24T22:29:21 IST" name="Test13" finished-at="2025-07-24T22:29:21 IST" duration-ms="0" status="PASS">
          <reporter-output>
          </reporter-output>
        </test-method> <!-- Test13 -->
        <test-method is-config="true" signature="Test14()[pri:0, instance:TestNGDemo.TestNGHierarchyDemo@5b1669c0]" started-at="2025-07-24T22:29:21 IST" name="Test14" finished-at="2025-07-24T22:29:21 IST" duration-ms="1" status="PASS">
          <reporter-output>
          </reporter-output>
        </test-method> <!-- Test14 -->
        <test-method is-config="true" signature="Test17()[pri:0, instance:TestNGDemo.TestNGHierarchyDemo@5b1669c0]" started-at="2025-07-24T22:29:21 IST" name="Test17" finished-at="2025-07-24T22:29:21 IST" duration-ms="0" status="PASS">
          <reporter-output>
          </reporter-output>
        </test-method> <!-- Test17 -->
        <test-method is-config="true" signature="Test4()[pri:0, instance:TestNGDemo.TestNGHierarchyDemo@5b1669c0]" started-at="2025-07-24T22:29:21 IST" name="Test4" finished-at="2025-07-24T22:29:21 IST" duration-ms="0" status="PASS">
          <reporter-output>
          </reporter-output>
        </test-method> <!-- Test4 -->
        <test-method is-config="true" signature="Test5()[pri:0, instance:TestNGDemo.TestNGHierarchyDemo@5b1669c0]" started-at="2025-07-24T22:29:21 IST" name="Test5" finished-at="2025-07-24T22:29:21 IST" duration-ms="0" status="PASS">
          <reporter-output>
          </reporter-output>
        </test-method> <!-- Test5 -->
        <test-method signature="TC1()[pri:0, instance:TestNGDemo.TestNGHierarchyDemo@5b1669c0]" started-at="2025-07-24T22:29:21 IST" name="TC1" finished-at="2025-07-24T22:29:21 IST" duration-ms="0" status="PASS">
          <reporter-output>
          </reporter-output>
        </test-method> <!-- TC1 -->
        <test-method is-config="true" signature="Test18()[pri:0, instance:TestNGDemo.TestNGHierarchyDemo@5b1669c0]" started-at="2025-07-24T22:29:21 IST" name="Test18" finished-at="2025-07-24T22:29:21 IST" duration-ms="0" status="PASS">
          <reporter-output>
          </reporter-output>
        </test-method> <!-- Test18 -->
        <test-method is-config="true" signature="Test6()[pri:0, instance:TestNGDemo.TestNGHierarchyDemo@5b1669c0]" started-at="2025-07-24T22:29:21 IST" name="Test6" finished-at="2025-07-24T22:29:21 IST" duration-ms="0" status="PASS">
          <reporter-output>
          </reporter-output>
        </test-method> <!-- Test6 -->
        <test-method is-config="true" signature="Test5()[pri:0, instance:TestNGDemo.TestNGHierarchyDemo@5b1669c0]" started-at="2025-07-24T22:29:21 IST" name="Test5" finished-at="2025-07-24T22:29:21 IST" duration-ms="2" status="PASS">
          <reporter-output>
          </reporter-output>
        </test-method> <!-- Test5 -->
        <test-method is-config="true" signature="Test17()[pri:0, instance:TestNGDemo.TestNGHierarchyDemo@5b1669c0]" started-at="2025-07-24T22:29:21 IST" name="Test17" finished-at="2025-07-24T22:29:21 IST" duration-ms="0" status="PASS">
          <reporter-output>
          </reporter-output>
        </test-method> <!-- Test17 -->
        <test-method signature="TC2()[pri:0, instance:TestNGDemo.TestNGHierarchyDemo@5b1669c0]" started-at="2025-07-24T22:29:21 IST" name="TC2" finished-at="2025-07-24T22:29:21 IST" duration-ms="1" status="PASS">
          <reporter-output>
          </reporter-output>
        </test-method> <!-- TC2 -->
        <test-method is-config="true" signature="Test18()[pri:0, instance:TestNGDemo.TestNGHierarchyDemo@5b1669c0]" started-at="2025-07-24T22:29:21 IST" name="Test18" finished-at="2025-07-24T22:29:21 IST" duration-ms="0" status="PASS">
          <reporter-output>
          </reporter-output>
        </test-method> <!-- Test18 -->
        <test-method is-config="true" signature="Test6()[pri:0, instance:TestNGDemo.TestNGHierarchyDemo@5b1669c0]" started-at="2025-07-24T22:29:21 IST" name="Test6" finished-at="2025-07-24T22:29:21 IST" duration-ms="0" status="PASS">
          <reporter-output>
          </reporter-output>
        </test-method> <!-- Test6 -->
        <test-method is-config="true" signature="Test17()[pri:0, instance:TestNGDemo.TestNGHierarchyDemo@5b1669c0]" started-at="2025-07-24T22:29:21 IST" name="Test17" finished-at="2025-07-24T22:29:21 IST" duration-ms="0" status="PASS">
          <reporter-output>
          </reporter-output>
        </test-method> <!-- Test17 -->
        <test-method is-config="true" signature="Test5()[pri:0, instance:TestNGDemo.TestNGHierarchyDemo@5b1669c0]" started-at="2025-07-24T22:29:21 IST" name="Test5" finished-at="2025-07-24T22:29:21 IST" duration-ms="0" status="PASS">
          <reporter-output>
          </reporter-output>
        </test-method> <!-- Test5 -->
        <test-method signature="TC3()[pri:0, instance:TestNGDemo.TestNGHierarchyDemo@5b1669c0]" started-at="2025-07-24T22:29:21 IST" name="TC3" finished-at="2025-07-24T22:29:21 IST" duration-ms="1" status="PASS">
          <reporter-output>
          </reporter-output>
        </test-method> <!-- TC3 -->
        <test-method is-config="true" signature="Test18()[pri:0, instance:TestNGDemo.TestNGHierarchyDemo@5b1669c0]" started-at="2025-07-24T22:29:21 IST" name="Test18" finished-at="2025-07-24T22:29:21 IST" duration-ms="0" status="PASS">
          <reporter-output>
          </reporter-output>
        </test-method> <!-- Test18 -->
        <test-method is-config="true" signature="Test6()[pri:0, instance:TestNGDemo.TestNGHierarchyDemo@5b1669c0]" started-at="2025-07-24T22:29:21 IST" name="Test6" finished-at="2025-07-24T22:29:21 IST" duration-ms="0" status="PASS">
          <reporter-output>
          </reporter-output>
        </test-method> <!-- Test6 -->
        <test-method is-config="true" signature="Test15()[pri:0, instance:TestNGDemo.TestNGHierarchyDemo@5b1669c0]" started-at="2025-07-24T22:29:21 IST" name="Test15" finished-at="2025-07-24T22:29:21 IST" duration-ms="0" status="PASS">
          <reporter-output>
          </reporter-output>
        </test-method> <!-- Test15 -->
        <test-method is-config="true" signature="Test7()[pri:0, instance:TestNGDemo.TestNGHierarchyDemo@5b1669c0]" started-at="2025-07-24T22:29:21 IST" name="Test7" finished-at="2025-07-24T22:29:21 IST" duration-ms="0" status="PASS">
          <reporter-output>
          </reporter-output>
        </test-method> <!-- Test7 -->
        <test-method is-config="true" signature="Test16()[pri:0, instance:TestNGDemo.TestNGHierarchyDemo@5b1669c0]" started-at="2025-07-24T22:29:21 IST" name="Test16" finished-at="2025-07-24T22:29:21 IST" duration-ms="0" status="PASS">
          <reporter-output>
          </reporter-output>
        </test-method> <!-- Test16 -->
        <test-method is-config="true" signature="Test8()[pri:0, instance:TestNGDemo.TestNGHierarchyDemo@5b1669c0]" started-at="2025-07-24T22:29:21 IST" name="Test8" finished-at="2025-07-24T22:29:21 IST" duration-ms="0" status="PASS">
          <reporter-output>
          </reporter-output>
        </test-method> <!-- Test8 -->
        <test-method is-config="true" signature="Test12()[pri:0, instance:TestNGDemo.TestNGHierarchyDemo@5b1669c0]" started-at="2025-07-24T22:29:21 IST" name="Test12" finished-at="2025-07-24T22:29:21 IST" duration-ms="0" status="PASS">
          <reporter-output>
          </reporter-output>
        </test-method> <!-- Test12 -->
        <test-method is-config="true" signature="Test10()[pri:0, instance:TestNGDemo.TestNGHierarchyDemo@5b1669c0]" started-at="2025-07-24T22:29:21 IST" name="Test10" finished-at="2025-07-24T22:29:21 IST" duration-ms="0" status="PASS">
          <reporter-output>
          </reporter-output>
        </test-method> <!-- Test10 -->
      </class> <!-- TestNGDemo.TestNGHierarchyDemo -->
      <class name="TestNGDemo.TestNGDemo">
        <test-method is-config="true" signature="Test1()[pri:0, instance:TestNGDemo.TestNGDemo@3e27aa33]" started-at="2025-07-24T22:29:21 IST" name="Test1" finished-at="2025-07-24T22:29:21 IST" duration-ms="12" status="PASS">
          <reporter-output>
          </reporter-output>
        </test-method> <!-- Test1 -->
        <test-method is-config="true" signature="Test3()[pri:0, instance:TestNGDemo.TestNGDemo@3e27aa33]" started-at="2025-07-24T22:29:21 IST" name="Test3" finished-at="2025-07-24T22:29:21 IST" duration-ms="0" status="PASS">
          <reporter-output>
          </reporter-output>
        </test-method> <!-- Test3 -->
        <test-method is-config="true" signature="Test4()[pri:0, instance:TestNGDemo.TestNGDemo@3e27aa33]" started-at="2025-07-24T22:29:21 IST" name="Test4" finished-at="2025-07-24T22:29:21 IST" duration-ms="1" status="PASS">
          <reporter-output>
          </reporter-output>
        </test-method> <!-- Test4 -->
        <test-method is-config="true" signature="Test5()[pri:0, instance:TestNGDemo.TestNGDemo@3e27aa33]" started-at="2025-07-24T22:29:21 IST" name="Test5" finished-at="2025-07-24T22:29:21 IST" duration-ms="1" status="PASS">
          <reporter-output>
          </reporter-output>
        </test-method> <!-- Test5 -->
        <test-method signature="TC1()[pri:0, instance:TestNGDemo.TestNGDemo@3e27aa33]" started-at="2025-07-24T22:29:21 IST" name="TC1" finished-at="2025-07-24T22:29:21 IST" duration-ms="23" status="PASS">
          <reporter-output>
          </reporter-output>
        </test-method> <!-- TC1 -->
        <test-method is-config="true" signature="Test6()[pri:0, instance:TestNGDemo.TestNGDemo@3e27aa33]" started-at="2025-07-24T22:29:21 IST" name="Test6" finished-at="2025-07-24T22:29:21 IST" duration-ms="1" status="PASS">
          <reporter-output>
          </reporter-output>
        </test-method> <!-- Test6 -->
        <test-method signature="TC2()[pri:0, instance:TestNGDemo.TestNGDemo@3e27aa33]" started-at="2025-07-24T22:29:21 IST" name="TC2" finished-at="2025-07-24T22:29:21 IST" duration-ms="1" status="PASS">
          <reporter-output>
          </reporter-output>
        </test-method> <!-- TC2 -->
        <test-method is-config="true" signature="Test5()[pri:0, instance:TestNGDemo.TestNGDemo@3e27aa33]" started-at="2025-07-24T22:29:21 IST" name="Test5" finished-at="2025-07-24T22:29:21 IST" duration-ms="0" status="PASS">
          <reporter-output>
          </reporter-output>
        </test-method> <!-- Test5 -->
        <test-method is-config="true" signature="Test6()[pri:0, instance:TestNGDemo.TestNGDemo@3e27aa33]" started-at="2025-07-24T22:29:21 IST" name="Test6" finished-at="2025-07-24T22:29:21 IST" duration-ms="1" status="PASS">
          <reporter-output>
          </reporter-output>
        </test-method> <!-- Test6 -->
        <test-method signature="TC3()[pri:0, instance:TestNGDemo.TestNGDemo@3e27aa33]" started-at="2025-07-24T22:29:21 IST" name="TC3" finished-at="2025-07-24T22:29:21 IST" duration-ms="1" status="PASS">
          <reporter-output>
          </reporter-output>
        </test-method> <!-- TC3 -->
        <test-method is-config="true" signature="Test5()[pri:0, instance:TestNGDemo.TestNGDemo@3e27aa33]" started-at="2025-07-24T22:29:21 IST" name="Test5" finished-at="2025-07-24T22:29:21 IST" duration-ms="0" status="PASS">
          <reporter-output>
          </reporter-output>
        </test-method> <!-- Test5 -->
        <test-method is-config="true" signature="Test6()[pri:0, instance:TestNGDemo.TestNGDemo@3e27aa33]" started-at="2025-07-24T22:29:21 IST" name="Test6" finished-at="2025-07-24T22:29:21 IST" duration-ms="0" status="PASS">
          <reporter-output>
          </reporter-output>
        </test-method> <!-- Test6 -->
        <test-method is-config="true" signature="Test7()[pri:0, instance:TestNGDemo.TestNGDemo@3e27aa33]" started-at="2025-07-24T22:29:21 IST" name="Test7" finished-at="2025-07-24T22:29:21 IST" duration-ms="0" status="PASS">
          <reporter-output>
          </reporter-output>
        </test-method> <!-- Test7 -->
        <test-method is-config="true" signature="Test8()[pri:0, instance:TestNGDemo.TestNGDemo@3e27aa33]" started-at="2025-07-24T22:29:21 IST" name="Test8" finished-at="2025-07-24T22:29:21 IST" duration-ms="0" status="PASS">
          <reporter-output>
          </reporter-output>
        </test-method> <!-- Test8 -->
        <test-method is-config="true" signature="Test10()[pri:0, instance:TestNGDemo.TestNGDemo@3e27aa33]" started-at="2025-07-24T22:29:21 IST" name="Test10" finished-at="2025-07-24T22:29:21 IST" duration-ms="1" status="PASS">
          <reporter-output>
          </reporter-output>
        </test-method> <!-- Test10 -->
      </class> <!-- TestNGDemo.TestNGDemo -->
    </test> <!-- Surefire test -->
  </suite> <!-- Surefire suite -->
</testng-results>
