<?xml version="1.0" encoding="UTF-8"?>
<testsuite xmlns:xsi="http://www.w3.org/2001/XMLSchema-instance" xsi:noNamespaceSchemaLocation="https://maven.apache.org/surefire/maven-surefire-plugin/xsd/surefire-test-report-3.0.xsd" version="3.0" name="TestSuite" time="0.581" tests="6" errors="0" skipped="0" failures="0">
  <properties>
[...]
</properties>
  <testcase name="TC1" classname="TestNGDemo.TestNGDemo" time="0.027">
    <system-out><![CDATA[I am in Before Suite annotation.
I am BS1 in Before Suite annotation.
I am BS2 in Before Suite annotation.
I am in Before Test annotation.
I am BT2 in Before Test annotation.
I am BT1 in Before Test annotation.
I am in Before Class annotation.
I am in Before Method annotation.
I am TC1 in Test annotation.
]]></system-out>
    <system-err><![CDATA[SLF4J: Failed to load class "org.slf4j.impl.StaticLoggerBinder".
SLF4J: Defaulting to no-operation (NOP) logger implementation
SLF4J: See http://www.slf4j.org/codes.html#StaticLoggerBinder for further details.
]]></system-err>
  </testcase>
  <testcase name="TC2" classname="TestNGDemo.TestNGDemo" time="0.001">
    <system-out><![CDATA[I am in After Method annotation.
I am in Before Method annotation.
I am TC2 in Test annotation.
]]></system-out>
  </testcase>
  <testcase name="TC3" classname="TestNGDemo.TestNGDemo" time="0.001">
    <system-out><![CDATA[I am in After Method annotation.
I am in Before Method annotation.
I am TC3 in Test annotation.
]]></system-out>
  </testcase>
  <testcase name="TC1" classname="TestNGDemo.TestNGHierarchyDemo" time="0.0">
    <system-out><![CDATA[I am in After Method annotation.
I am in After Class annotation.
I am BC2 in Before Class annotation.
I am BC1 in Before Class annotation.
I am BM2 in Before Method annotation.
I am BM1 in Before Method annotation.
I am TC1 in Test annotation.
]]></system-out>
  </testcase>
  <testcase name="TC2" classname="TestNGDemo.TestNGHierarchyDemo" time="0.001">
    <system-out><![CDATA[I am AM2 in After Method annotation.
I am AM1 in After Method annotation.
I am BM2 in Before Method annotation.
I am BM1 in Before Method annotation.
I am TC2 in Test annotation.
]]></system-out>
  </testcase>
  <testcase name="TC3" classname="TestNGDemo.TestNGHierarchyDemo" time="0.001">
    <system-out><![CDATA[I am AM2 in After Method annotation.
I am AM1 in After Method annotation.
I am BM2 in Before Method annotation.
I am BM1 in Before Method annotation.
I am TC3 in Test annotation.
]]></system-out>
  </testcase>
</testsuite>