<?xml version="1.0" encoding="UTF-8"?>
<testng-results ignored="0" total="2" passed="2" failed="0" skipped="0">
  <reporter-output>
  </reporter-output>
  <suite started-at="2025-02-18T13:32:00 IST" name="All Test Suite" finished-at="2025-02-18T13:32:00 IST" duration-ms="198">
    <groups>
    </groups>
    <test started-at="2025-02-18T13:32:00 IST" name="C:/Users/shirani/Desktop/Shilpa_Notes/SeleniumProject/src/test/java/TestNGDemo/ListenersDemo" finished-at="2025-02-18T13:32:00 IST" duration-ms="198">
      <class name="TestNGDemo.ListenersDemo.MyTestCase3">
        <test-method signature="test1()[pri:0, instance:TestNGDemo.ListenersDemo.MyTestCase3@483f6d77]" started-at="2025-02-18T13:32:00 IST" name="test1" finished-at="2025-02-18T13:32:00 IST" duration-ms="2" status="PASS">
          <reporter-output>
          </reporter-output>
        </test-method> <!-- test1 -->
      </class> <!-- TestNGDemo.ListenersDemo.MyTestCase3 -->
      <class name="TestNGDemo.ListenersDemo.MyTestCase2">
        <test-method signature="test1()[pri:0, instance:TestNGDemo.ListenersDemo.MyTestCase2@49c7b90e]" started-at="2025-02-18T13:32:00 IST" name="test1" finished-at="2025-02-18T13:32:00 IST" duration-ms="57" status="PASS">
          <reporter-output>
          </reporter-output>
        </test-method> <!-- test1 -->
      </class> <!-- TestNGDemo.ListenersDemo.MyTestCase2 -->
    </test> <!-- C:/Users/shirani/Desktop/Shilpa_Notes/SeleniumProject/src/test/java/TestNGDemo/ListenersDemo -->
  </suite> <!-- All Test Suite -->
</testng-results>
